2021-29-20 16:29:57.468 [main] DEBUG hw002.house.House002 - Посчитать площадь всех стен в доме, Массивы, Несколько вложенных циклов
2021-29-20 16:29:57.473 [main] DEBUG hw002.house.sostav.Element -  this material is Brick It's length and height  are - 0.2 - 0.1
2021-29-20 16:29:57.475 [main] DEBUG hw002.house.sostav.Wall - The Wall is colored in nice Color
2021-29-20 16:29:57.475 [main] DEBUG hw002.house.House002 -         -----       -----        ----           
2021-29-20 16:29:57.476 [main] DEBUG hw002.house.room.Floor - no heater on this floor
2021-29-20 16:29:57.480 [main] DEBUG hw002.house.room.Ceiling - The ceiling is colored in white  Color
2021-29-20 16:29:57.480 [main] DEBUG hw002.house.House002 - Room is nice colored
2021-29-20 16:29:57.482 [main] DEBUG hw002.house.House002 -         -----       -----        ----           
2021-29-20 16:29:57.483 [main] DEBUG hw002.house.House002 - the stage is already painted
2021-29-20 16:29:57.483 [main] DEBUG hw002.house.House002 - Polymorphism is here
2021-29-20 16:29:57.485 [main] DEBUG hw002.house.House002 - floorThreeFloor{material='Lenoleum', isHeated=false}
2021-29-20 16:29:57.485 [main] DEBUG hw002.house.Polymorphism - you cannot heat this floor
2021-29-20 16:29:57.485 [main] DEBUG hw002.house.House002 - floorTwoFloor{material='Laminat', isHeated=true}
2021-29-20 16:29:57.485 [main] DEBUG hw002.house.room.Floor - heater is on
2021-29-20 16:29:57.485 [main] DEBUG hw002.house.Polymorphism - the floor is heating now
2021-29-20 16:29:57.485 [main] DEBUG hw002.house.House002 -         -----       -----        ----           
2021-29-20 16:29:57.489 [main] DEBUG hw002.house.dom.House - New house has been created
2021-29-20 16:29:57.489 [main] DEBUG hw002.house.House002 - End of setting the house
2021-29-20 16:29:57.491 [main] DEBUG hw002.house.House002 - Do smth in 'try block'
2021-29-20 16:29:57.491 [main] INFO  hw002.house.ConnectionResource - Connection was closed
2021-29-20 16:29:57.491 [main] DEBUG hw002.house.House002 -         -----       -----        ----           
2021-29-20 16:29:57.498 [main] DEBUG hw002.house.dom.House - If we start building - 2021-10-20T16:29:57.498393600
2021-29-20 16:29:57.499 [main] DEBUG hw002.house.room.Room - 0 days 22:0:0
2021-29-20 16:29:57.499 [main] DEBUG hw002.house.room.Room - 1 days 14:0:0
2021-29-20 16:29:57.500 [main] DEBUG hw002.house.room.Room - 1 days 12:0:0
2021-29-20 16:29:57.500 [main] DEBUG hw002.house.dom.House - We need 345600 seconds to build this house!
2021-29-20 16:29:57.501 [main] DEBUG hw002.house.dom.House - 4 days 0:0:0
2021-29-20 16:29:57.501 [main] DEBUG hw002.house.dom.House - The building will be finished at 2021-10-24T16:29:57.501394600
2021-29-20 16:29:57.502 [main] DEBUG hw002.house.room.Room - 0 days 22:0:0
2021-29-20 16:29:57.502 [main] DEBUG hw002.house.room.Room - 1 days 14:0:0
2021-29-20 16:29:57.502 [main] DEBUG hw002.house.room.Room - 1 days 12:0:0
2021-29-20 16:29:57.503 [main] DEBUG hw002.house.room.Room - 0 days 22:0:0
2021-29-20 16:29:57.503 [main] DEBUG hw002.house.room.Room - 1 days 14:0:0
2021-29-20 16:29:57.504 [main] DEBUG hw002.house.room.Room - 0 days 22:0:0
2021-29-20 16:29:57.505 [main] DEBUG hw002.house.room.Room - 1 days 14:0:0
2021-29-20 16:29:57.505 [main] DEBUG hw002.house.room.Room - 1 days 12:0:0
2021-29-20 16:29:57.506 [main] DEBUG hw002.house.room.Room - 1 days 12:0:0
2021-29-20 16:29:57.507 [main] DEBUG hw002.house.House002 - 

        -----       -----        ----           
This House's{ address is Minsk, Center',
 It has 1 Stages,
This house walls Total area is 96.0m2
 Building time - 345600
stage=

Stage{This stage has 2 flats It has 2 flats 
 And It can be produced for 345600.0 sec 
flats=[

        -----       -----        ----           
Flat{Flats color='Green'
This flat walls area is - 60.0m2
And it can be produced for 216000.0seconds
It has 2 rooms 
,rooms=[

        -----       -----        ----           
Room{, This roomType='Bed-room,
 this room walls area =22.000000000000004 
And It can be produced for 79200seconds,
floor=Floor{material='wood', isHeated=false}, ceiling=Ceiling{isLighted=true, color='Pink'}, 
walls=[Wall{element=Element{length=0.2, height=0.1, material='Brick'}, countElement=200}, Wall{element=Element{length=0.2, height=0.1, material='Brick'}, countElement=250}, Wall{element=Element{length=0.2, height=0.1, material='Brick'}, countElement=350}, Wall{element=Element{length=0.2, height=0.1, material='Brick'}, countElement=300}]'}, 

        -----       -----        ----           
Room{, This roomType='Living-room,
 this room walls area =38.0 
And It can be produced for 136800seconds,
floor=Floor{material='Laminat', isHeated=true}, ceiling=Ceiling{isLighted=true, color='white'}, 
walls=[Wall{element=Element{length=5.0, height=2.0, material='Beton'}, countElement=1}, Wall{element=Element{length=6.0, height=2.0, material='Beton'}, countElement=1}, Wall{element=Element{length=4.0, height=2.0, material='Beton'}, countElement=2}]'}]}, 

        -----       -----        ----           
Flat{Flats color='Brown'
This flat walls area is - 36.0m2
And it can be produced for 129600.0seconds
It has 1 rooms 
,rooms=[

        -----       -----        ----           
Room{, This roomType='Dinning-room,
 this room walls area =36.0 
And It can be produced for 129600seconds,
floor=Floor{material='Lenoleum', isHeated=false}, ceiling=Ceiling{isLighted=true, color='Yellow'}, 
walls=[Wall{element=Element{length=0.2, height=0.1, material='Brick'}, countElement=1000}, Wall{element=Element{length=4.0, height=2.0, material='Beton'}, countElement=2}]'}]}], isPainted=true}}
2021-29-20 16:29:57.508 [main] DEBUG hw002.house.House002 -         -----       -----        ----           
2021-29-20 16:29:57.508 [main] DEBUG hw002.house.House002 -  
2021-29-20 16:29:57.508 [main] DEBUG hw002.house.room.Room - This room Bed-room walls area is 22.000000000000004 
 It's Floor is wood and it's ceiling Pink
2021-29-20 16:29:57.509 [main] DEBUG hw002.house.room.Room - This room Living-room walls area is 38.0It's walls material is Brick 
 It's Floor is Laminat and it's ceiling white
2021-29-20 16:29:57.509 [main] DEBUG hw002.house.House002 -  
2021-29-20 16:29:57.509 [main] DEBUG hw002.house.room.Ceiling - This ceiling has Pink color
2021-29-20 16:29:57.509 [main] DEBUG hw002.house.room.Ceiling - This ceiling has white color ; And It well lighted - true
